        -:    0:Source:tests/basic_libc/src/strcmp.c
        -:    1:#include "libc.h"
        -:    2:
        3:    3:int my_strcmp(const char *s1, const char *s2)
        -:    4:{
       18:    5:    while (*s1 && *s2 && *s1 == *s2) {
       15:    6:        s1++;
       15:    7:        s2++;
        -:    8:    }
        3:    9:    return *s1 - *s2;
        -:   10:}
        -:   11:
        3:   12:int my_strncmp(const char *s1, const char *s2, size_t n)
        -:   13:{
       17:   14:    while (n && *s1 && *s2 && *s1 == *s2) {
       14:   15:        s1++;
       14:   16:        s2++;
       14:   17:        n--;
        -:   18:    }
       3*:   19:    return n ? *s1 - *s2 : 0;
        -:   20:}
